2018-11-22 18:50:02.027:INFO:email_handler:_main:86:Main: email_handler_main() Run time is EST:2018-11-22 14:50:02
2018-11-22 18:50:02.027:INFO:data_logic:get_time_mark:12:ENTRY: get_time_mark() past_days = -5
2018-11-22 18:50:02.029:INFO:data_logic:get_time_mark:18:EXIT: get_time_mark() time.struct_time(tm_year=2018, tm_mon=11, tm_mday=17, tm_hour=0, tm_min=0, tm_sec=0, tm_wday=5, tm_yday=321, tm_isdst=-1)
2018-11-22 18:50:02.029:INFO:data_logic:parse_pnp_posts:22:ENTRY: parse_pnp_posts() time_mark: time.struct_time(tm_year=2018, tm_mon=11, tm_mday=17, tm_hour=0, tm_min=0, tm_sec=0, tm_wday=5, tm_yday=321, tm_isdst=-1)
2018-11-22 18:50:02.029:INFO:getSourcePage:get_updates_page:16:ENTRY: get_updates_page() target_site: http://www.ontarioimmigration.ca/en/pnp/OI_PNPNEW.html
2018-11-22 18:50:02.029:INFO:getSourcePage:get_updates_page:17:ENTRY: get_updates_page() driver path: /opt/pnpCrawler/src/geckodriver
2018-11-22 18:50:10.298:INFO:email_handler:_main:86:Main: email_handler_main() Run time is EST:2018-11-22 14:50:10
2018-11-22 18:50:10.298:INFO:data_logic:get_time_mark:12:ENTRY: get_time_mark() past_days = -5
2018-11-22 18:50:10.300:INFO:data_logic:get_time_mark:18:EXIT: get_time_mark() time.struct_time(tm_year=2018, tm_mon=11, tm_mday=17, tm_hour=0, tm_min=0, tm_sec=0, tm_wday=5, tm_yday=321, tm_isdst=-1)
2018-11-22 18:50:10.300:INFO:data_logic:parse_pnp_posts:22:ENTRY: parse_pnp_posts() time_mark: time.struct_time(tm_year=2018, tm_mon=11, tm_mday=17, tm_hour=0, tm_min=0, tm_sec=0, tm_wday=5, tm_yday=321, tm_isdst=-1)
2018-11-22 18:50:10.300:INFO:getSourcePage:get_updates_page:16:ENTRY: get_updates_page() target_site: http://www.ontarioimmigration.ca/en/pnp/OI_PNPNEW.html
2018-11-22 18:50:10.300:INFO:getSourcePage:get_updates_page:17:ENTRY: get_updates_page() driver path: /opt/pnpCrawler/src/geckodriver
2018-11-22 18:51:02.018:INFO:email_handler:_main:86:Main: email_handler_main() Run time is EST:2018-11-22 14:51:02
2018-11-22 18:51:02.018:INFO:data_logic:get_time_mark:12:ENTRY: get_time_mark() past_days = -5
2018-11-22 18:51:02.020:INFO:data_logic:get_time_mark:18:EXIT: get_time_mark() time.struct_time(tm_year=2018, tm_mon=11, tm_mday=17, tm_hour=0, tm_min=0, tm_sec=0, tm_wday=5, tm_yday=321, tm_isdst=-1)
2018-11-22 18:51:02.020:INFO:data_logic:parse_pnp_posts:22:ENTRY: parse_pnp_posts() time_mark: time.struct_time(tm_year=2018, tm_mon=11, tm_mday=17, tm_hour=0, tm_min=0, tm_sec=0, tm_wday=5, tm_yday=321, tm_isdst=-1)
2018-11-22 18:51:02.020:INFO:getSourcePage:get_updates_page:16:ENTRY: get_updates_page() target_site: http://www.ontarioimmigration.ca/en/pnp/OI_PNPNEW.html
2018-11-22 18:51:02.020:INFO:getSourcePage:get_updates_page:17:ENTRY: get_updates_page() driver path: /opt/pnpCrawler/src/geckodriver
2018-11-22 18:51:15.543:INFO:getSourcePage:get_updates_page:33:Message: newSession

2018-11-22 18:51:15.550:INFO:data_logic:parse_pnp_posts:49:EXIT: parse_pnp_posts() False
2018-11-22 18:51:15.550:INFO:email_handler:_main:97:ENTRY: email_handler_main() Posts: is NONE
2018-11-22 18:51:15.550:INFO:email_handler:_main:98:ENTRY: email_handler_main() JSON Path: /opt/pnpCrawler/src/output/past_posts.json
2018-11-22 18:51:15.551:INFO:email_handler:is_new_email:38:ENTRY: is_new_email()
2018-11-22 18:51:15.551:INFO:json_handler:read_from_traget:13:ENTRY: read_from_traget() json_file: /opt/pnpCrawler/src/output/past_posts.json
2018-11-22 18:51:15.551:INFO:email_handler:is_new_email:78:EXIT: is_new_email() check hour:2018-11-22 14:51:15.551265, if sent an email 0
2018-11-22 18:51:15.551:INFO:email_handler:is_new_email:79:EXIT: is_new_email() dont need to send email
2018-11-22 18:51:15.551:INFO:json_handler:save_dict_to_json:6:ENTRY: save_dict_to_json() json_file: /opt/pnpCrawler/src/output/past_posts.json
2018-11-22 18:51:15.551:INFO:email_handler:_main:104:EXIT: email_handler_main() Posts: False
2018-11-22 18:52:01.709:INFO:email_handler:_main:86:Main: email_handler_main() Run time is EST:2018-11-22 14:52:01
2018-11-22 18:52:01.709:INFO:data_logic:get_time_mark:12:ENTRY: get_time_mark() past_days = -5
2018-11-22 18:52:01.711:INFO:data_logic:get_time_mark:18:EXIT: get_time_mark() time.struct_time(tm_year=2018, tm_mon=11, tm_mday=17, tm_hour=0, tm_min=0, tm_sec=0, tm_wday=5, tm_yday=321, tm_isdst=-1)
2018-11-22 18:52:01.711:INFO:data_logic:parse_pnp_posts:22:ENTRY: parse_pnp_posts() time_mark: time.struct_time(tm_year=2018, tm_mon=11, tm_mday=17, tm_hour=0, tm_min=0, tm_sec=0, tm_wday=5, tm_yday=321, tm_isdst=-1)
2018-11-22 18:52:01.711:INFO:getSourcePage:get_updates_page:16:ENTRY: get_updates_page() target_site: http://www.ontarioimmigration.ca/en/pnp/OI_PNPNEW.html
2018-11-22 18:52:01.711:INFO:getSourcePage:get_updates_page:17:ENTRY: get_updates_page() driver path: /opt/pnpCrawler/src/geckodriver
2018-11-22 18:52:15.421:INFO:getSourcePage:get_updates_page:33:Message: newSession

2018-11-22 18:52:15.429:INFO:data_logic:parse_pnp_posts:49:EXIT: parse_pnp_posts() False
2018-11-22 18:52:15.430:INFO:email_handler:_main:97:ENTRY: email_handler_main() Posts: is NONE
2018-11-22 18:52:15.430:INFO:email_handler:_main:98:ENTRY: email_handler_main() JSON Path: /opt/pnpCrawler/src/output/past_posts.json
2018-11-22 18:52:15.430:INFO:email_handler:is_new_email:38:ENTRY: is_new_email()
2018-11-22 18:52:15.430:INFO:json_handler:read_from_traget:13:ENTRY: read_from_traget() json_file: /opt/pnpCrawler/src/output/past_posts.json
2018-11-22 18:52:15.430:INFO:email_handler:is_new_email:78:EXIT: is_new_email() check hour:2018-11-22 14:52:15.430731, if sent an email 0
2018-11-22 18:52:15.430:INFO:email_handler:is_new_email:79:EXIT: is_new_email() dont need to send email
2018-11-22 18:52:15.430:INFO:json_handler:save_dict_to_json:6:ENTRY: save_dict_to_json() json_file: /opt/pnpCrawler/src/output/past_posts.json
2018-11-22 18:52:15.431:INFO:email_handler:_main:104:EXIT: email_handler_main() Posts: False
2018-11-22 18:53:01.591:INFO:email_handler:_main:86:Main: email_handler_main() Run time is EST:2018-11-22 14:53:01
2018-11-22 18:53:01.591:INFO:data_logic:get_time_mark:12:ENTRY: get_time_mark() past_days = -5
2018-11-22 18:53:01.593:INFO:data_logic:get_time_mark:18:EXIT: get_time_mark() time.struct_time(tm_year=2018, tm_mon=11, tm_mday=17, tm_hour=0, tm_min=0, tm_sec=0, tm_wday=5, tm_yday=321, tm_isdst=-1)
2018-11-22 18:53:01.593:INFO:data_logic:parse_pnp_posts:22:ENTRY: parse_pnp_posts() time_mark: time.struct_time(tm_year=2018, tm_mon=11, tm_mday=17, tm_hour=0, tm_min=0, tm_sec=0, tm_wday=5, tm_yday=321, tm_isdst=-1)
2018-11-22 18:53:01.593:INFO:getSourcePage:get_updates_page:16:ENTRY: get_updates_page() target_site: http://www.ontarioimmigration.ca/en/pnp/OI_PNPNEW.html
2018-11-22 18:53:01.593:INFO:getSourcePage:get_updates_page:17:ENTRY: get_updates_page() driver path: /opt/pnpCrawler/src/geckodriver
2018-11-22 18:53:14.935:INFO:getSourcePage:get_updates_page:33:Message: newSession

2018-11-22 18:53:14.943:INFO:data_logic:parse_pnp_posts:49:EXIT: parse_pnp_posts() False
2018-11-22 18:53:14.943:INFO:email_handler:_main:97:ENTRY: email_handler_main() Posts: is NONE
2018-11-22 18:53:14.943:INFO:email_handler:_main:98:ENTRY: email_handler_main() JSON Path: /opt/pnpCrawler/src/output/past_posts.json
2018-11-22 18:53:14.943:INFO:email_handler:is_new_email:38:ENTRY: is_new_email()
2018-11-22 18:53:14.943:INFO:json_handler:read_from_traget:13:ENTRY: read_from_traget() json_file: /opt/pnpCrawler/src/output/past_posts.json
2018-11-22 18:53:14.943:INFO:email_handler:is_new_email:78:EXIT: is_new_email() check hour:2018-11-22 14:53:14.943820, if sent an email 0
2018-11-22 18:53:14.943:INFO:email_handler:is_new_email:79:EXIT: is_new_email() dont need to send email
2018-11-22 18:53:14.944:INFO:json_handler:save_dict_to_json:6:ENTRY: save_dict_to_json() json_file: /opt/pnpCrawler/src/output/past_posts.json
2018-11-22 18:53:14.944:INFO:email_handler:_main:104:EXIT: email_handler_main() Posts: False
2018-11-22 18:54:02.109:INFO:email_handler:_main:86:Main: email_handler_main() Run time is EST:2018-11-22 14:54:02
2018-11-22 18:54:02.109:INFO:data_logic:get_time_mark:12:ENTRY: get_time_mark() past_days = -5
2018-11-22 18:54:02.110:INFO:data_logic:get_time_mark:18:EXIT: get_time_mark() time.struct_time(tm_year=2018, tm_mon=11, tm_mday=17, tm_hour=0, tm_min=0, tm_sec=0, tm_wday=5, tm_yday=321, tm_isdst=-1)
2018-11-22 18:54:02.110:INFO:data_logic:parse_pnp_posts:22:ENTRY: parse_pnp_posts() time_mark: time.struct_time(tm_year=2018, tm_mon=11, tm_mday=17, tm_hour=0, tm_min=0, tm_sec=0, tm_wday=5, tm_yday=321, tm_isdst=-1)
2018-11-22 18:54:02.111:INFO:getSourcePage:get_updates_page:16:ENTRY: get_updates_page() target_site: http://www.ontarioimmigration.ca/en/pnp/OI_PNPNEW.html
2018-11-22 18:54:02.111:INFO:getSourcePage:get_updates_page:17:ENTRY: get_updates_page() driver path: /opt/pnpCrawler/src/geckodriver
2018-11-22 18:54:15.091:INFO:getSourcePage:get_updates_page:33:Message: newSession

2018-11-22 18:54:15.097:INFO:data_logic:parse_pnp_posts:49:EXIT: parse_pnp_posts() False
2018-11-22 18:54:15.097:INFO:email_handler:_main:97:ENTRY: email_handler_main() Posts: is NONE
2018-11-22 18:54:15.097:INFO:email_handler:_main:98:ENTRY: email_handler_main() JSON Path: /opt/pnpCrawler/src/output/past_posts.json
2018-11-22 18:54:15.097:INFO:email_handler:is_new_email:38:ENTRY: is_new_email()
2018-11-22 18:54:15.098:INFO:json_handler:read_from_traget:13:ENTRY: read_from_traget() json_file: /opt/pnpCrawler/src/output/past_posts.json
2018-11-22 18:54:15.098:INFO:email_handler:is_new_email:78:EXIT: is_new_email() check hour:2018-11-22 14:54:15.098156, if sent an email 0
2018-11-22 18:54:15.098:INFO:email_handler:is_new_email:79:EXIT: is_new_email() dont need to send email
2018-11-22 18:54:15.098:INFO:json_handler:save_dict_to_json:6:ENTRY: save_dict_to_json() json_file: /opt/pnpCrawler/src/output/past_posts.json
2018-11-22 18:54:15.098:INFO:email_handler:_main:104:EXIT: email_handler_main() Posts: False
2018-11-22 18:55:01.257:INFO:email_handler:_main:86:Main: email_handler_main() Run time is EST:2018-11-22 14:55:01
2018-11-22 18:55:01.257:INFO:data_logic:get_time_mark:12:ENTRY: get_time_mark() past_days = -5
2018-11-22 18:55:01.259:INFO:data_logic:get_time_mark:18:EXIT: get_time_mark() time.struct_time(tm_year=2018, tm_mon=11, tm_mday=17, tm_hour=0, tm_min=0, tm_sec=0, tm_wday=5, tm_yday=321, tm_isdst=-1)
2018-11-22 18:55:01.259:INFO:data_logic:parse_pnp_posts:22:ENTRY: parse_pnp_posts() time_mark: time.struct_time(tm_year=2018, tm_mon=11, tm_mday=17, tm_hour=0, tm_min=0, tm_sec=0, tm_wday=5, tm_yday=321, tm_isdst=-1)
2018-11-22 18:55:01.259:INFO:getSourcePage:get_updates_page:16:ENTRY: get_updates_page() target_site: http://www.ontarioimmigration.ca/en/pnp/OI_PNPNEW.html
2018-11-22 18:55:01.259:INFO:getSourcePage:get_updates_page:17:ENTRY: get_updates_page() driver path: /opt/pnpCrawler/src/geckodriver
2018-11-22 18:55:15.529:INFO:getSourcePage:get_updates_page:33:Message: newSession

2018-11-22 18:55:15.536:INFO:data_logic:parse_pnp_posts:49:EXIT: parse_pnp_posts() False
2018-11-22 18:55:15.536:INFO:email_handler:_main:97:ENTRY: email_handler_main() Posts: is NONE
2018-11-22 18:55:15.536:INFO:email_handler:_main:98:ENTRY: email_handler_main() JSON Path: /opt/pnpCrawler/src/output/past_posts.json
2018-11-22 18:55:15.536:INFO:email_handler:is_new_email:38:ENTRY: is_new_email()
2018-11-22 18:55:15.536:INFO:json_handler:read_from_traget:13:ENTRY: read_from_traget() json_file: /opt/pnpCrawler/src/output/past_posts.json
2018-11-22 18:55:15.537:INFO:email_handler:is_new_email:78:EXIT: is_new_email() check hour:2018-11-22 14:55:15.537166, if sent an email 0
2018-11-22 18:55:15.537:INFO:email_handler:is_new_email:79:EXIT: is_new_email() dont need to send email
2018-11-22 18:55:15.537:INFO:json_handler:save_dict_to_json:6:ENTRY: save_dict_to_json() json_file: /opt/pnpCrawler/src/output/past_posts.json
2018-11-22 18:55:15.537:INFO:email_handler:_main:104:EXIT: email_handler_main() Posts: False
2018-11-22 18:56:01.695:INFO:email_handler:_main:86:Main: email_handler_main() Run time is EST:2018-11-22 14:56:01
2018-11-22 18:56:01.695:INFO:data_logic:get_time_mark:12:ENTRY: get_time_mark() past_days = -5
2018-11-22 18:56:01.696:INFO:data_logic:get_time_mark:18:EXIT: get_time_mark() time.struct_time(tm_year=2018, tm_mon=11, tm_mday=17, tm_hour=0, tm_min=0, tm_sec=0, tm_wday=5, tm_yday=321, tm_isdst=-1)
2018-11-22 18:56:01.697:INFO:data_logic:parse_pnp_posts:22:ENTRY: parse_pnp_posts() time_mark: time.struct_time(tm_year=2018, tm_mon=11, tm_mday=17, tm_hour=0, tm_min=0, tm_sec=0, tm_wday=5, tm_yday=321, tm_isdst=-1)
2018-11-22 18:56:01.697:INFO:getSourcePage:get_updates_page:16:ENTRY: get_updates_page() target_site: http://www.ontarioimmigration.ca/en/pnp/OI_PNPNEW.html
2018-11-22 18:56:01.697:INFO:getSourcePage:get_updates_page:17:ENTRY: get_updates_page() driver path: /opt/pnpCrawler/src/geckodriver
